<?xml version="1.0" encoding="UTF-8"?>
<!-- Generated by org.testng.reporters.JUnitReportReporter -->
<testsuite skipped="0" hostname="DESKTOP-UOJ0NJ2" name="Module16.AjaxAutoSuggest" tests="1" failures="0" timestamp="18 May 2018 06:58:03 GMT" time="16.536" errors="0">
  <testcase name="autoSuggest" time="16.536" classname="Module16.AjaxAutoSuggest"/>
</testsuite> <!-- Module16.AjaxAutoSuggest -->
