<?xml version="1.0" encoding="UTF-8"?>
<!-- Generated by org.testng.reporters.JUnitReportReporter -->
<testsuite skipped="0" hostname="DESKTOP-UOJ0NJ2" name="Module15.FrameManagement" tests="1" failures="0" timestamp="17 May 2018 11:56:16 GMT" time="18.984" errors="0">
  <testcase name="paytm" time="18.984" classname="Module15.FrameManagement"/>
</testsuite> <!-- Module15.FrameManagement -->
