<?xml version="1.0" encoding="UTF-8"?>
<!-- Generated by org.testng.reporters.JUnitReportReporter -->
<testsuite skipped="0" hostname="DESKTOP-UOJ0NJ2" name="Module15.ActionsMoveToElement" tests="1" failures="0" timestamp="17 May 2018 12:43:23 GMT" time="12.935" errors="0">
  <testcase name="dropable" time="12.935" classname="Module15.ActionsMoveToElement"/>
</testsuite> <!-- Module15.ActionsMoveToElement -->
